---------------------------------------------------------------
[ 2019-06-21T00:07:35+08:00 ] 127.0.0.1 GET /admin/buildarticle/index.html
[ info ] lou/admin/buildarticle/index.html [运行时间：0.058577s][吞吐率：17.07req/s] [内存消耗：2,367.45kb] [文件加载：59]
[ info ] [ LANG ] D:\phpStudy\PHPTutorial\WWW\lou\thinkphp\lang\zh-cn.php
[ info ] [ ROUTE ] array (
  'type' => 'module',
  'module' => 
  array (
    0 => 'admin',
    1 => 'buildarticle',
    2 => 'index',
  ),
)
[ info ] [ HEADER ] array (
  'cookie' => 'PHPSESSID=o2dn7oajceni66023bukc21eo6',
  'accept-language' => 'zh-CN,zh;q=0.9',
  'accept-encoding' => 'gzip, deflate',
  'referer' => 'http://lou/admin/buildarticle/edit.html?id=1',
  'accept' => 'text/html,application/xhtml+xml,application/xml;q=0.9,image/webp,image/apng,*/*;q=0.8,application/signed-exchange;v=b3',
  'user-agent' => 'Mozilla/5.0 (Windows NT 10.0; Win64; x64) AppleWebKit/537.36 (KHTML, like Gecko) Chrome/74.0.3729.157 Safari/537.36',
  'upgrade-insecure-requests' => '1',
  'cache-control' => 'max-age=0',
  'connection' => 'close',
  'host' => 'lou',
)
[ info ] [ PARAM ] array (
  '/admin/buildarticle/index_html' => '',
)
[ info ] [ SESSION ] INIT array (
  'id' => '',
  'var_session_id' => '',
  'prefix' => 'think',
  'type' => '',
  'auto_start' => true,
)
[ info ] [ RUN ] app\admin\controller\Buildarticle->index[ D:\phpStudy\PHPTutorial\WWW\lou\application\admin\controller\Buildarticle.php ]
[ info ] [ DB ] INIT mysql
[ info ] [ VIEW ] D:\phpStudy\PHPTutorial\WWW\lou/application/admin\view\buildarticle\index.html [ array (
  0 => 'lists',
) ]
[ info ] [ LOG ] INIT File
[ sql ] [ DB ] CONNECT:[ UseTime:0.010202s ] mysql:host=127.0.0.1;dbname=lou;charset=utf8
[ sql ] [ SQL ] SHOW COLUMNS FROM `build_article` [ RunTime:0.013375s ]
[ sql ] [ SQL ] SELECT COUNT(*) AS tp_count FROM `build_article` LIMIT 1 [ RunTime:0.000282s ]
[ sql ] [ SQL ] SELECT * FROM `build_article` ORDER BY `create_time` DESC LIMIT 0,10 [ RunTime:0.000306s ]
[ sql ] [ SQL ] SHOW COLUMNS FROM `admin` [ RunTime:0.009328s ]
[ sql ] [ SQL ] SELECT * FROM `admin` WHERE  `id` = 1 LIMIT 1 [ RunTime:0.000370s ]
---------------------------------------------------------------
[ 2019-06-21T00:08:34+08:00 ] 127.0.0.1 GET /admin/buildarticle/index.html
[ info ] lou/admin/buildarticle/index.html [运行时间：0.089823s][吞吐率：11.13req/s] [内存消耗：2,485.70kb] [文件加载：61]
[ info ] [ LANG ] D:\phpStudy\PHPTutorial\WWW\lou\thinkphp\lang\zh-cn.php
[ info ] [ ROUTE ] array (
  'type' => 'module',
  'module' => 
  array (
    0 => 'admin',
    1 => 'buildarticle',
    2 => 'index',
  ),
)
[ info ] [ HEADER ] array (
  'cookie' => 'PHPSESSID=o2dn7oajceni66023bukc21eo6',
  'accept-language' => 'zh-CN,zh;q=0.9',
  'accept-encoding' => 'gzip, deflate',
  'referer' => 'http://lou/admin/buildarticle/edit.html?id=1',
  'accept' => 'text/html,application/xhtml+xml,application/xml;q=0.9,image/webp,image/apng,*/*;q=0.8,application/signed-exchange;v=b3',
  'user-agent' => 'Mozilla/5.0 (Windows NT 10.0; Win64; x64) AppleWebKit/537.36 (KHTML, like Gecko) Chrome/74.0.3729.157 Safari/537.36',
  'upgrade-insecure-requests' => '1',
  'cache-control' => 'max-age=0',
  'connection' => 'close',
  'host' => 'lou',
)
[ info ] [ PARAM ] array (
  '/admin/buildarticle/index_html' => '',
)
[ info ] [ SESSION ] INIT array (
  'id' => '',
  'var_session_id' => '',
  'prefix' => 'think',
  'type' => '',
  'auto_start' => true,
)
[ info ] [ RUN ] app\admin\controller\Buildarticle->index[ D:\phpStudy\PHPTutorial\WWW\lou\application\admin\controller\Buildarticle.php ]
[ info ] [ DB ] INIT mysql
[ info ] [ VIEW ] D:\phpStudy\PHPTutorial\WWW\lou/application/admin\view\buildarticle\index.html [ array (
  0 => 'lists',
) ]
[ info ] [ LOG ] INIT File
[ sql ] [ DB ] CONNECT:[ UseTime:0.011636s ] mysql:host=127.0.0.1;dbname=lou;charset=utf8
[ sql ] [ SQL ] SHOW COLUMNS FROM `build_article` [ RunTime:0.014836s ]
[ sql ] [ SQL ] SELECT COUNT(*) AS tp_count FROM `build_article` LIMIT 1 [ RunTime:0.000421s ]
[ sql ] [ SQL ] SELECT * FROM `build_article` ORDER BY `create_time` DESC LIMIT 0,10 [ RunTime:0.000351s ]
[ sql ] [ SQL ] SHOW COLUMNS FROM `admin` [ RunTime:0.009257s ]
[ sql ] [ SQL ] SELECT * FROM `admin` WHERE  `id` = 1 LIMIT 1 [ RunTime:0.000387s ]
---------------------------------------------------------------
[ 2019-06-21T00:08:35+08:00 ] 127.0.0.1 GET /admin/Img/index
[ info ] lou/admin/Img/index [运行时间：0.062715s][吞吐率：15.95req/s] [内存消耗：2,293.77kb] [文件加载：57]
[ info ] [ LANG ] D:\phpStudy\PHPTutorial\WWW\lou\thinkphp\lang\zh-cn.php
[ info ] [ ROUTE ] array (
  'type' => 'module',
  'module' => 
  array (
    0 => 'admin',
    1 => 'Img',
    2 => 'index',
  ),
)
[ info ] [ HEADER ] array (
  'cookie' => 'PHPSESSID=o2dn7oajceni66023bukc21eo6',
  'accept-language' => 'zh-CN,zh;q=0.9',
  'accept-encoding' => 'gzip, deflate',
  'referer' => 'http://lou/admin/buildarticle/index.html',
  'accept' => 'text/html,application/xhtml+xml,application/xml;q=0.9,image/webp,image/apng,*/*;q=0.8,application/signed-exchange;v=b3',
  'user-agent' => 'Mozilla/5.0 (Windows NT 10.0; Win64; x64) AppleWebKit/537.36 (KHTML, like Gecko) Chrome/74.0.3729.157 Safari/537.36',
  'upgrade-insecure-requests' => '1',
  'connection' => 'close',
  'host' => 'lou',
)
[ info ] [ PARAM ] array (
  '/admin/Img/index' => '',
)
[ info ] [ SESSION ] INIT array (
  'id' => '',
  'var_session_id' => '',
  'prefix' => 'think',
  'type' => '',
  'auto_start' => true,
)
[ info ] [ RUN ] app\admin\controller\Img->index[ D:\phpStudy\PHPTutorial\WWW\lou\application\admin\controller\Img.php ]
[ info ] [ DB ] INIT mysql
[ info ] [ VIEW ] D:\phpStudy\PHPTutorial\WWW\lou/application/admin\view\img\index.html [ array (
  0 => 'lists',
) ]
[ info ] [ LOG ] INIT File
[ sql ] [ DB ] CONNECT:[ UseTime:0.010892s ] mysql:host=127.0.0.1;dbname=lou;charset=utf8
[ sql ] [ SQL ] SHOW COLUMNS FROM `img` [ RunTime:0.022519s ]
[ sql ] [ SQL ] SELECT COUNT(*) AS tp_count FROM `img` LIMIT 1 [ RunTime:0.000271s ]
[ sql ] [ SQL ] SELECT * FROM `img` ORDER BY `create_time` DESC LIMIT 0,10 [ RunTime:0.000314s ]
---------------------------------------------------------------
[ 2019-06-21T00:09:41+08:00 ] 127.0.0.1 GET /admin/Img/index
[ info ] lou/admin/Img/index [运行时间：0.099540s][吞吐率：10.05req/s] [内存消耗：2,485.48kb] [文件加载：61]
[ info ] [ LANG ] D:\phpStudy\PHPTutorial\WWW\lou\thinkphp\lang\zh-cn.php
[ info ] [ ROUTE ] array (
  'type' => 'module',
  'module' => 
  array (
    0 => 'admin',
    1 => 'Img',
    2 => 'index',
  ),
)
[ info ] [ HEADER ] array (
  'cookie' => 'PHPSESSID=o2dn7oajceni66023bukc21eo6',
  'accept-language' => 'zh-CN,zh;q=0.9',
  'accept-encoding' => 'gzip, deflate',
  'referer' => 'http://lou/admin/buildarticle/index.html',
  'accept' => 'text/html,application/xhtml+xml,application/xml;q=0.9,image/webp,image/apng,*/*;q=0.8,application/signed-exchange;v=b3',
  'user-agent' => 'Mozilla/5.0 (Windows NT 10.0; Win64; x64) AppleWebKit/537.36 (KHTML, like Gecko) Chrome/74.0.3729.157 Safari/537.36',
  'upgrade-insecure-requests' => '1',
  'cache-control' => 'max-age=0',
  'connection' => 'close',
  'host' => 'lou',
)
[ info ] [ PARAM ] array (
  '/admin/Img/index' => '',
)
[ info ] [ SESSION ] INIT array (
  'id' => '',
  'var_session_id' => '',
  'prefix' => 'think',
  'type' => '',
  'auto_start' => true,
)
[ info ] [ RUN ] app\admin\controller\Img->index[ D:\phpStudy\PHPTutorial\WWW\lou\application\admin\controller\Img.php ]
[ info ] [ DB ] INIT mysql
[ info ] [ VIEW ] D:\phpStudy\PHPTutorial\WWW\lou/application/admin\view\img\index.html [ array (
  0 => 'lists',
) ]
[ info ] [ LOG ] INIT File
[ sql ] [ DB ] CONNECT:[ UseTime:0.010849s ] mysql:host=127.0.0.1;dbname=lou;charset=utf8
[ sql ] [ SQL ] SHOW COLUMNS FROM `img` [ RunTime:0.022797s ]
[ sql ] [ SQL ] SELECT COUNT(*) AS tp_count FROM `img` LIMIT 1 [ RunTime:0.000311s ]
[ sql ] [ SQL ] SELECT * FROM `img` ORDER BY `create_time` DESC LIMIT 0,10 [ RunTime:0.000264s ]
[ sql ] [ SQL ] SHOW COLUMNS FROM `admin` [ RunTime:0.009310s ]
[ sql ] [ SQL ] SELECT * FROM `admin` WHERE  `id` = 1 LIMIT 1 [ RunTime:0.000370s ]
---------------------------------------------------------------
[ 2019-06-21T00:09:46+08:00 ] 127.0.0.1 GET /admin/Img/add
[ info ] lou/admin/Img/add [运行时间：0.045913s][吞吐率：21.78req/s] [内存消耗：2,245.75kb] [文件加载：53]
[ info ] [ LANG ] D:\phpStudy\PHPTutorial\WWW\lou\thinkphp\lang\zh-cn.php
[ info ] [ ROUTE ] array (
  'type' => 'module',
  'module' => 
  array (
    0 => 'admin',
    1 => 'Img',
    2 => 'add',
  ),
)
[ info ] [ HEADER ] array (
  'cookie' => 'PHPSESSID=o2dn7oajceni66023bukc21eo6',
  'accept-language' => 'zh-CN,zh;q=0.9',
  'accept-encoding' => 'gzip, deflate',
  'referer' => 'http://lou/admin/Img/index',
  'accept' => 'text/html,application/xhtml+xml,application/xml;q=0.9,image/webp,image/apng,*/*;q=0.8,application/signed-exchange;v=b3',
  'user-agent' => 'Mozilla/5.0 (Windows NT 10.0; Win64; x64) AppleWebKit/537.36 (KHTML, like Gecko) Chrome/74.0.3729.157 Safari/537.36',
  'upgrade-insecure-requests' => '1',
  'connection' => 'close',
  'host' => 'lou',
)
[ info ] [ PARAM ] array (
  '/admin/Img/add' => '',
)
[ info ] [ SESSION ] INIT array (
  'id' => '',
  'var_session_id' => '',
  'prefix' => 'think',
  'type' => '',
  'auto_start' => true,
)
[ info ] [ RUN ] app\admin\controller\Img->add[ D:\phpStudy\PHPTutorial\WWW\lou\application\admin\controller\Img.php ]
[ info ] [ DB ] INIT mysql
[ info ] [ VIEW ] D:\phpStudy\PHPTutorial\WWW\lou/application/admin\view\img\add.html [ array (
  0 => 'builds',
) ]
[ info ] [ LOG ] INIT File
[ sql ] [ DB ] CONNECT:[ UseTime:0.010751s ] mysql:host=127.0.0.1;dbname=lou;charset=utf8
[ sql ] [ SQL ] SHOW COLUMNS FROM `build` [ RunTime:0.012862s ]
[ sql ] [ SQL ] SELECT * FROM `build` ORDER BY `create_time` DESC [ RunTime:0.000454s ]
---------------------------------------------------------------
[ 2019-06-21T00:10:50+08:00 ] 127.0.0.1 GET /admin/Img/add
[ info ] lou/admin/Img/add [运行时间：0.087756s][吞吐率：11.40req/s] [内存消耗：2,425.21kb] [文件加载：57]
[ info ] [ LANG ] D:\phpStudy\PHPTutorial\WWW\lou\thinkphp\lang\zh-cn.php
[ info ] [ ROUTE ] array (
  'type' => 'module',
  'module' => 
  array (
    0 => 'admin',
    1 => 'Img',
    2 => 'add',
  ),
)
[ info ] [ HEADER ] array (
  'cookie' => 'PHPSESSID=o2dn7oajceni66023bukc21eo6',
  'accept-language' => 'zh-CN,zh;q=0.9',
  'accept-encoding' => 'gzip, deflate',
  'referer' => 'http://lou/admin/Img/index',
  'accept' => 'text/html,application/xhtml+xml,application/xml;q=0.9,image/webp,image/apng,*/*;q=0.8,application/signed-exchange;v=b3',
  'user-agent' => 'Mozilla/5.0 (Windows NT 10.0; Win64; x64) AppleWebKit/537.36 (KHTML, like Gecko) Chrome/74.0.3729.157 Safari/537.36',
  'upgrade-insecure-requests' => '1',
  'cache-control' => 'max-age=0',
  'connection' => 'close',
  'host' => 'lou',
)
[ info ] [ PARAM ] array (
  '/admin/Img/add' => '',
)
[ info ] [ SESSION ] INIT array (
  'id' => '',
  'var_session_id' => '',
  'prefix' => 'think',
  'type' => '',
  'auto_start' => true,
)
[ info ] [ RUN ] app\admin\controller\Img->add[ D:\phpStudy\PHPTutorial\WWW\lou\application\admin\controller\Img.php ]
[ info ] [ DB ] INIT mysql
[ info ] [ VIEW ] D:\phpStudy\PHPTutorial\WWW\lou/application/admin\view\img\add.html [ array (
  0 => 'builds',
) ]
[ info ] [ LOG ] INIT File
[ sql ] [ DB ] CONNECT:[ UseTime:0.011042s ] mysql:host=127.0.0.1;dbname=lou;charset=utf8
[ sql ] [ SQL ] SHOW COLUMNS FROM `build` [ RunTime:0.025376s ]
[ sql ] [ SQL ] SELECT * FROM `build` ORDER BY `create_time` DESC [ RunTime:0.000515s ]
[ sql ] [ SQL ] SHOW COLUMNS FROM `admin` [ RunTime:0.008828s ]
[ sql ] [ SQL ] SELECT * FROM `admin` WHERE  `id` = 1 LIMIT 1 [ RunTime:0.000388s ]
---------------------------------------------------------------
[ 2019-06-21T00:10:56+08:00 ] 127.0.0.1 POST /admin/Img/add
[ info ] lou/admin/Img/add [运行时间：0.061728s][吞吐率：16.20req/s] [内存消耗：2,330.76kb] [文件加载：56]
[ info ] [ LANG ] D:\phpStudy\PHPTutorial\WWW\lou\thinkphp\lang\zh-cn.php
[ info ] [ ROUTE ] array (
  'type' => 'module',
  'module' => 
  array (
    0 => 'admin',
    1 => 'Img',
    2 => 'add',
  ),
)
[ info ] [ HEADER ] array (
  'cookie' => 'PHPSESSID=o2dn7oajceni66023bukc21eo6',
  'accept-language' => 'zh-CN,zh;q=0.9',
  'accept-encoding' => 'gzip, deflate',
  'referer' => 'http://lou/admin/Img/add',
  'accept' => 'text/html,application/xhtml+xml,application/xml;q=0.9,image/webp,image/apng,*/*;q=0.8,application/signed-exchange;v=b3',
  'user-agent' => 'Mozilla/5.0 (Windows NT 10.0; Win64; x64) AppleWebKit/537.36 (KHTML, like Gecko) Chrome/74.0.3729.157 Safari/537.36',
  'content-type' => 'multipart/form-data; boundary=----WebKitFormBoundaryd3VzvOzBzS2OvQP9',
  'upgrade-insecure-requests' => '1',
  'origin' => 'http://lou',
  'cache-control' => 'max-age=0',
  'content-length' => '20638',
  'connection' => 'close',
  'host' => 'lou',
)
[ info ] [ PARAM ] array (
  '/admin/Img/add' => '',
  'build_id' => '1',
)
[ info ] [ SESSION ] INIT array (
  'id' => '',
  'var_session_id' => '',
  'prefix' => 'think',
  'type' => '',
  'auto_start' => true,
)
[ info ] [ RUN ] app\admin\controller\Img->add[ D:\phpStudy\PHPTutorial\WWW\lou\application\admin\controller\Img.php ]
[ info ] [ DB ] INIT mysql
[ info ] [ LOG ] INIT File
[ sql ] [ DB ] CONNECT:[ UseTime:0.001864s ] mysql:host=127.0.0.1;dbname=lou;charset=utf8
[ sql ] [ SQL ] SHOW COLUMNS FROM `img` [ RunTime:0.012781s ]
[ sql ] [ SQL ] INSERT INTO `img` (`build_id` , `img` , `create_time` , `update_time`) VALUES (1 , '/public/static/uploads/20190621/15610470561919.png' , '2019-06-21 00:10:56' , '2019-06-21 00:10:56') [ RunTime:0.000304s ]
---------------------------------------------------------------
[ 2019-06-21T00:10:56+08:00 ] 127.0.0.1 GET /admin/img/index.html
[ info ] lou/admin/img/index.html [运行时间：0.079449s][吞吐率：12.59req/s] [内存消耗：2,459.82kb] [文件加载：63]
[ info ] [ LANG ] D:\phpStudy\PHPTutorial\WWW\lou\thinkphp\lang\zh-cn.php
[ info ] [ ROUTE ] array (
  'type' => 'module',
  'module' => 
  array (
    0 => 'admin',
    1 => 'img',
    2 => 'index',
  ),
)
[ info ] [ HEADER ] array (
  'cookie' => 'PHPSESSID=o2dn7oajceni66023bukc21eo6',
  'accept-language' => 'zh-CN,zh;q=0.9',
  'accept-encoding' => 'gzip, deflate',
  'referer' => 'http://lou/admin/Img/add',
  'accept' => 'text/html,application/xhtml+xml,application/xml;q=0.9,image/webp,image/apng,*/*;q=0.8,application/signed-exchange;v=b3',
  'user-agent' => 'Mozilla/5.0 (Windows NT 10.0; Win64; x64) AppleWebKit/537.36 (KHTML, like Gecko) Chrome/74.0.3729.157 Safari/537.36',
  'upgrade-insecure-requests' => '1',
  'cache-control' => 'max-age=0',
  'connection' => 'close',
  'host' => 'lou',
)
[ info ] [ PARAM ] array (
  '/admin/img/index_html' => '',
)
[ info ] [ SESSION ] INIT array (
  'id' => '',
  'var_session_id' => '',
  'prefix' => 'think',
  'type' => '',
  'auto_start' => true,
)
[ info ] [ RUN ] app\admin\controller\Img->index[ D:\phpStudy\PHPTutorial\WWW\lou\application\admin\controller\Img.php ]
[ info ] [ DB ] INIT mysql
[ info ] [ VIEW ] D:\phpStudy\PHPTutorial\WWW\lou/application/admin\view\img\index.html [ array (
  0 => 'lists',
) ]
[ info ] [ LOG ] INIT File
[ sql ] [ DB ] CONNECT:[ UseTime:0.010324s ] mysql:host=127.0.0.1;dbname=lou;charset=utf8
[ sql ] [ SQL ] SHOW COLUMNS FROM `img` [ RunTime:0.006645s ]
[ sql ] [ SQL ] SELECT COUNT(*) AS tp_count FROM `img` LIMIT 1 [ RunTime:0.000253s ]
[ sql ] [ SQL ] SELECT * FROM `img` ORDER BY `create_time` DESC LIMIT 0,10 [ RunTime:0.000236s ]
[ sql ] [ SQL ] SHOW COLUMNS FROM `admin` [ RunTime:0.008600s ]
[ sql ] [ SQL ] SELECT * FROM `admin` WHERE  `id` = 1 LIMIT 1 [ RunTime:0.000363s ]
[ sql ] [ SQL ] SHOW COLUMNS FROM `build` [ RunTime:0.010327s ]
[ sql ] [ SQL ] SELECT * FROM `build` WHERE  `id` = 1 LIMIT 1 [ RunTime:0.000466s ]
---------------------------------------------------------------
[ 2019-06-21T00:12:21+08:00 ] 127.0.0.1 GET /admin/img/index.html
[ info ] lou/admin/img/index.html [运行时间：0.095784s][吞吐率：10.44req/s] [内存消耗：2,459.82kb] [文件加载：63]
[ info ] [ LANG ] D:\phpStudy\PHPTutorial\WWW\lou\thinkphp\lang\zh-cn.php
[ info ] [ ROUTE ] array (
  'type' => 'module',
  'module' => 
  array (
    0 => 'admin',
    1 => 'img',
    2 => 'index',
  ),
)
[ info ] [ HEADER ] array (
  'cookie' => 'PHPSESSID=o2dn7oajceni66023bukc21eo6',
  'accept-language' => 'zh-CN,zh;q=0.9',
  'accept-encoding' => 'gzip, deflate',
  'referer' => 'http://lou/admin/Img/add',
  'accept' => 'text/html,application/xhtml+xml,application/xml;q=0.9,image/webp,image/apng,*/*;q=0.8,application/signed-exchange;v=b3',
  'user-agent' => 'Mozilla/5.0 (Windows NT 10.0; Win64; x64) AppleWebKit/537.36 (KHTML, like Gecko) Chrome/74.0.3729.157 Safari/537.36',
  'upgrade-insecure-requests' => '1',
  'cache-control' => 'max-age=0',
  'connection' => 'close',
  'host' => 'lou',
)
[ info ] [ PARAM ] array (
  '/admin/img/index_html' => '',
)
[ info ] [ SESSION ] INIT array (
  'id' => '',
  'var_session_id' => '',
  'prefix' => 'think',
  'type' => '',
  'auto_start' => true,
)
[ info ] [ RUN ] app\admin\controller\Img->index[ D:\phpStudy\PHPTutorial\WWW\lou\application\admin\controller\Img.php ]
[ info ] [ DB ] INIT mysql
[ info ] [ VIEW ] D:\phpStudy\PHPTutorial\WWW\lou/application/admin\view\img\index.html [ array (
  0 => 'lists',
) ]
[ info ] [ LOG ] INIT File
[ sql ] [ DB ] CONNECT:[ UseTime:0.009762s ] mysql:host=127.0.0.1;dbname=lou;charset=utf8
[ sql ] [ SQL ] SHOW COLUMNS FROM `img` [ RunTime:0.024619s ]
[ sql ] [ SQL ] SELECT COUNT(*) AS tp_count FROM `img` LIMIT 1 [ RunTime:0.000312s ]
[ sql ] [ SQL ] SELECT * FROM `img` ORDER BY `create_time` DESC LIMIT 0,10 [ RunTime:0.000248s ]
[ sql ] [ SQL ] SHOW COLUMNS FROM `admin` [ RunTime:0.009085s ]
[ sql ] [ SQL ] SELECT * FROM `admin` WHERE  `id` = 1 LIMIT 1 [ RunTime:0.000359s ]
[ sql ] [ SQL ] SHOW COLUMNS FROM `build` [ RunTime:0.009411s ]
[ sql ] [ SQL ] SELECT * FROM `build` WHERE  `id` = 1 LIMIT 1 [ RunTime:0.000413s ]
---------------------------------------------------------------
[ 2019-06-21T00:12:22+08:00 ] 127.0.0.1 GET /admin/img/edit.html?id=1
[ info ] lou/admin/img/edit.html?id=1 [运行时间：0.079098s][吞吐率：12.64req/s] [内存消耗：2,438.09kb] [文件加载：58]
[ info ] [ LANG ] D:\phpStudy\PHPTutorial\WWW\lou\thinkphp\lang\zh-cn.php
[ info ] [ ROUTE ] array (
  'type' => 'module',
  'module' => 
  array (
    0 => 'admin',
    1 => 'img',
    2 => 'edit',
  ),
)
[ info ] [ HEADER ] array (
  'cookie' => 'PHPSESSID=o2dn7oajceni66023bukc21eo6',
  'accept-language' => 'zh-CN,zh;q=0.9',
  'accept-encoding' => 'gzip, deflate',
  'referer' => 'http://lou/admin/img/index.html',
  'accept' => 'text/html,application/xhtml+xml,application/xml;q=0.9,image/webp,image/apng,*/*;q=0.8,application/signed-exchange;v=b3',
  'user-agent' => 'Mozilla/5.0 (Windows NT 10.0; Win64; x64) AppleWebKit/537.36 (KHTML, like Gecko) Chrome/74.0.3729.157 Safari/537.36',
  'upgrade-insecure-requests' => '1',
  'connection' => 'close',
  'host' => 'lou',
)
[ info ] [ PARAM ] array (
  '/admin/img/edit_html' => '',
  'id' => '1',
)
[ info ] [ SESSION ] INIT array (
  'id' => '',
  'var_session_id' => '',
  'prefix' => 'think',
  'type' => '',
  'auto_start' => true,
)
[ info ] [ RUN ] app\admin\controller\Img->edit[ D:\phpStudy\PHPTutorial\WWW\lou\application\admin\controller\Img.php ]
[ info ] [ DB ] INIT mysql
[ info ] [ VIEW ] D:\phpStudy\PHPTutorial\WWW\lou/application/admin\view\img\edit.html [ array (
  0 => 'builds',
  1 => 'list',
) ]
[ info ] [ LOG ] INIT File
[ sql ] [ DB ] CONNECT:[ UseTime:0.011458s ] mysql:host=127.0.0.1;dbname=lou;charset=utf8
[ sql ] [ SQL ] SHOW COLUMNS FROM `img` [ RunTime:0.020384s ]
[ sql ] [ SQL ] SELECT * FROM `img` WHERE  `id` = 1 LIMIT 1 [ RunTime:0.000318s ]
[ sql ] [ SQL ] SHOW COLUMNS FROM `build` [ RunTime:0.009391s ]
[ sql ] [ SQL ] SELECT * FROM `build` ORDER BY `create_time` DESC [ RunTime:0.000440s ]
[ sql ] [ SQL ] SHOW COLUMNS FROM `admin` [ RunTime:0.007821s ]
[ sql ] [ SQL ] SELECT * FROM `admin` WHERE  `id` = 1 LIMIT 1 [ RunTime:0.000315s ]
---------------------------------------------------------------
[ 2019-06-21T00:12:27+08:00 ] 127.0.0.1 POST /admin/img/edit.html?id=1
[ info ] lou/admin/img/edit.html?id=1 [运行时间：0.067874s][吞吐率：14.73req/s] [内存消耗：2,385.98kb] [文件加载：59]
[ info ] [ LANG ] D:\phpStudy\PHPTutorial\WWW\lou\thinkphp\lang\zh-cn.php
[ info ] [ ROUTE ] array (
  'type' => 'module',
  'module' => 
  array (
    0 => 'admin',
    1 => 'img',
    2 => 'edit',
  ),
)
[ info ] [ HEADER ] array (
  'cookie' => 'PHPSESSID=o2dn7oajceni66023bukc21eo6',
  'accept-language' => 'zh-CN,zh;q=0.9',
  'accept-encoding' => 'gzip, deflate',
  'referer' => 'http://lou/admin/img/edit.html?id=1',
  'accept' => 'text/html,application/xhtml+xml,application/xml;q=0.9,image/webp,image/apng,*/*;q=0.8,application/signed-exchange;v=b3',
  'user-agent' => 'Mozilla/5.0 (Windows NT 10.0; Win64; x64) AppleWebKit/537.36 (KHTML, like Gecko) Chrome/74.0.3729.157 Safari/537.36',
  'content-type' => 'multipart/form-data; boundary=----WebKitFormBoundaryD0t2WG5QffJJQe51',
  'upgrade-insecure-requests' => '1',
  'origin' => 'http://lou',
  'cache-control' => 'max-age=0',
  'content-length' => '907',
  'connection' => 'close',
  'host' => 'lou',
)
[ info ] [ PARAM ] array (
  '/admin/img/edit_html' => '',
  'id' => '1',
  'build_id' => '1',
)
[ info ] [ SESSION ] INIT array (
  'id' => '',
  'var_session_id' => '',
  'prefix' => 'think',
  'type' => '',
  'auto_start' => true,
)
[ info ] [ RUN ] app\admin\controller\Img->edit[ D:\phpStudy\PHPTutorial\WWW\lou\application\admin\controller\Img.php ]
[ info ] [ DB ] INIT mysql
[ info ] [ CACHE ] INIT File
[ info ] [ LOG ] INIT File
[ sql ] [ DB ] CONNECT:[ UseTime:0.011450s ] mysql:host=127.0.0.1;dbname=lou;charset=utf8
[ sql ] [ SQL ] SHOW COLUMNS FROM `img` [ RunTime:0.024500s ]
[ sql ] [ SQL ] SELECT * FROM `img` WHERE  `id` = 1 LIMIT 1 [ RunTime:0.000337s ]
[ sql ] [ SQL ] UPDATE `img`  SET `img`='/public/static/uploads/20190621/15610471475605.png',`update_time`='2019-06-21 00:12:27'  WHERE  `id` = 1 [ RunTime:0.000370s ]
---------------------------------------------------------------
[ 2019-06-21T00:12:27+08:00 ] 127.0.0.1 GET /admin/img/index.html
[ info ] lou/admin/img/index.html [运行时间：0.053967s][吞吐率：18.53req/s] [内存消耗：2,459.83kb] [文件加载：63]
[ info ] [ LANG ] D:\phpStudy\PHPTutorial\WWW\lou\thinkphp\lang\zh-cn.php
[ info ] [ ROUTE ] array (
  'type' => 'module',
  'module' => 
  array (
    0 => 'admin',
    1 => 'img',
    2 => 'index',
  ),
)
[ info ] [ HEADER ] array (
  'cookie' => 'PHPSESSID=o2dn7oajceni66023bukc21eo6',
  'accept-language' => 'zh-CN,zh;q=0.9',
  'accept-encoding' => 'gzip, deflate',
  'referer' => 'http://lou/admin/img/edit.html?id=1',
  'accept' => 'text/html,application/xhtml+xml,application/xml;q=0.9,image/webp,image/apng,*/*;q=0.8,application/signed-exchange;v=b3',
  'user-agent' => 'Mozilla/5.0 (Windows NT 10.0; Win64; x64) AppleWebKit/537.36 (KHTML, like Gecko) Chrome/74.0.3729.157 Safari/537.36',
  'upgrade-insecure-requests' => '1',
  'cache-control' => 'max-age=0',
  'connection' => 'close',
  'host' => 'lou',
)
[ info ] [ PARAM ] array (
  '/admin/img/index_html' => '',
)
[ info ] [ SESSION ] INIT array (
  'id' => '',
  'var_session_id' => '',
  'prefix' => 'think',
  'type' => '',
  'auto_start' => true,
)
[ info ] [ RUN ] app\admin\controller\Img->index[ D:\phpStudy\PHPTutorial\WWW\lou\application\admin\controller\Img.php ]
[ info ] [ DB ] INIT mysql
[ info ] [ VIEW ] D:\phpStudy\PHPTutorial\WWW\lou/application/admin\view\img\index.html [ array (
  0 => 'lists',
) ]
[ info ] [ LOG ] INIT File
[ sql ] [ DB ] CONNECT:[ UseTime:0.010209s ] mysql:host=127.0.0.1;dbname=lou;charset=utf8
[ sql ] [ SQL ] SHOW COLUMNS FROM `img` [ RunTime:0.005734s ]
[ sql ] [ SQL ] SELECT COUNT(*) AS tp_count FROM `img` LIMIT 1 [ RunTime:0.000237s ]
[ sql ] [ SQL ] SELECT * FROM `img` ORDER BY `create_time` DESC LIMIT 0,10 [ RunTime:0.000219s ]
[ sql ] [ SQL ] SHOW COLUMNS FROM `admin` [ RunTime:0.008850s ]
[ sql ] [ SQL ] SELECT * FROM `admin` WHERE  `id` = 1 LIMIT 1 [ RunTime:0.000351s ]
[ sql ] [ SQL ] SHOW COLUMNS FROM `build` [ RunTime:0.008615s ]
[ sql ] [ SQL ] SELECT * FROM `build` WHERE  `id` = 1 LIMIT 1 [ RunTime:0.000527s ]
---------------------------------------------------------------
[ 2019-06-21T00:12:29+08:00 ] 127.0.0.1 GET /admin/img/edit.html?id=1
[ info ] lou/admin/img/edit.html?id=1 [运行时间：0.077555s][吞吐率：12.89req/s] [内存消耗：2,318.76kb] [文件加载：56]
[ info ] [ LANG ] D:\phpStudy\PHPTutorial\WWW\lou\thinkphp\lang\zh-cn.php
[ info ] [ ROUTE ] array (
  'type' => 'module',
  'module' => 
  array (
    0 => 'admin',
    1 => 'img',
    2 => 'edit',
  ),
)
[ info ] [ HEADER ] array (
  'cookie' => 'PHPSESSID=o2dn7oajceni66023bukc21eo6',
  'accept-language' => 'zh-CN,zh;q=0.9',
  'accept-encoding' => 'gzip, deflate',
  'referer' => 'http://lou/admin/img/index.html',
  'accept' => 'text/html,application/xhtml+xml,application/xml;q=0.9,image/webp,image/apng,*/*;q=0.8,application/signed-exchange;v=b3',
  'user-agent' => 'Mozilla/5.0 (Windows NT 10.0; Win64; x64) AppleWebKit/537.36 (KHTML, like Gecko) Chrome/74.0.3729.157 Safari/537.36',
  'upgrade-insecure-requests' => '1',
  'connection' => 'close',
  'host' => 'lou',
)
[ info ] [ PARAM ] array (
  '/admin/img/edit_html' => '',
  'id' => '1',
)
[ info ] [ SESSION ] INIT array (
  'id' => '',
  'var_session_id' => '',
  'prefix' => 'think',
  'type' => '',
  'auto_start' => true,
)
[ info ] [ RUN ] app\admin\controller\Img->edit[ D:\phpStudy\PHPTutorial\WWW\lou\application\admin\controller\Img.php ]
[ info ] [ DB ] INIT mysql
[ info ] [ VIEW ] D:\phpStudy\PHPTutorial\WWW\lou/application/admin\view\img\edit.html [ array (
  0 => 'builds',
  1 => 'list',
) ]
[ info ] [ LOG ] INIT File
[ sql ] [ DB ] CONNECT:[ UseTime:0.011101s ] mysql:host=127.0.0.1;dbname=lou;charset=utf8
[ sql ] [ SQL ] SHOW COLUMNS FROM `img` [ RunTime:0.022225s ]
[ sql ] [ SQL ] SELECT * FROM `img` WHERE  `id` = 1 LIMIT 1 [ RunTime:0.000335s ]
[ sql ] [ SQL ] SHOW COLUMNS FROM `build` [ RunTime:0.008334s ]
[ sql ] [ SQL ] SELECT * FROM `build` ORDER BY `create_time` DESC [ RunTime:0.000423s ]
[ sql ] [ SQL ] SHOW COLUMNS FROM `admin` [ RunTime:0.008767s ]
[ sql ] [ SQL ] SELECT * FROM `admin` WHERE  `id` = 1 LIMIT 1 [ RunTime:0.000402s ]
---------------------------------------------------------------
[ 2019-06-21T00:12:32+08:00 ] 127.0.0.1 POST /admin/img/edit.html?id=1
[ info ] lou/admin/img/edit.html?id=1 [运行时间：0.079283s][吞吐率：12.61req/s] [内存消耗：2,385.98kb] [文件加载：59]
[ info ] [ LANG ] D:\phpStudy\PHPTutorial\WWW\lou\thinkphp\lang\zh-cn.php
[ info ] [ ROUTE ] array (
  'type' => 'module',
  'module' => 
  array (
    0 => 'admin',
    1 => 'img',
    2 => 'edit',
  ),
)
[ info ] [ HEADER ] array (
  'cookie' => 'PHPSESSID=o2dn7oajceni66023bukc21eo6',
  'accept-language' => 'zh-CN,zh;q=0.9',
  'accept-encoding' => 'gzip, deflate',
  'referer' => 'http://lou/admin/img/edit.html?id=1',
  'accept' => 'text/html,application/xhtml+xml,application/xml;q=0.9,image/webp,image/apng,*/*;q=0.8,application/signed-exchange;v=b3',
  'user-agent' => 'Mozilla/5.0 (Windows NT 10.0; Win64; x64) AppleWebKit/537.36 (KHTML, like Gecko) Chrome/74.0.3729.157 Safari/537.36',
  'content-type' => 'multipart/form-data; boundary=----WebKitFormBoundaryXgE8QMamLytq9cyj',
  'upgrade-insecure-requests' => '1',
  'origin' => 'http://lou',
  'cache-control' => 'max-age=0',
  'content-length' => '20728',
  'connection' => 'close',
  'host' => 'lou',
)
[ info ] [ PARAM ] array (
  '/admin/img/edit_html' => '',
  'id' => '1',
  'build_id' => '1',
)
[ info ] [ SESSION ] INIT array (
  'id' => '',
  'var_session_id' => '',
  'prefix' => 'think',
  'type' => '',
  'auto_start' => true,
)
[ info ] [ RUN ] app\admin\controller\Img->edit[ D:\phpStudy\PHPTutorial\WWW\lou\application\admin\controller\Img.php ]
[ info ] [ DB ] INIT mysql
[ info ] [ CACHE ] INIT File
[ info ] [ LOG ] INIT File
[ sql ] [ DB ] CONNECT:[ UseTime:0.010332s ] mysql:host=127.0.0.1;dbname=lou;charset=utf8
[ sql ] [ SQL ] SHOW COLUMNS FROM `img` [ RunTime:0.022127s ]
[ sql ] [ SQL ] SELECT * FROM `img` WHERE  `id` = 1 LIMIT 1 [ RunTime:0.000337s ]
[ sql ] [ SQL ] UPDATE `img`  SET `img`='/public/static/uploads/20190621/15610471527786.png',`update_time`='2019-06-21 00:12:32'  WHERE  `id` = 1 [ RunTime:0.000367s ]
---------------------------------------------------------------
[ 2019-06-21T00:12:33+08:00 ] 127.0.0.1 GET /admin/img/index.html
[ info ] lou/admin/img/index.html [运行时间：0.056556s][吞吐率：17.68req/s] [内存消耗：2,459.83kb] [文件加载：63]
[ info ] [ LANG ] D:\phpStudy\PHPTutorial\WWW\lou\thinkphp\lang\zh-cn.php
[ info ] [ ROUTE ] array (
  'type' => 'module',
  'module' => 
  array (
    0 => 'admin',
    1 => 'img',
    2 => 'index',
  ),
)
[ info ] [ HEADER ] array (
  'cookie' => 'PHPSESSID=o2dn7oajceni66023bukc21eo6',
  'accept-language' => 'zh-CN,zh;q=0.9',
  'accept-encoding' => 'gzip, deflate',
  'referer' => 'http://lou/admin/img/edit.html?id=1',
  'accept' => 'text/html,application/xhtml+xml,application/xml;q=0.9,image/webp,image/apng,*/*;q=0.8,application/signed-exchange;v=b3',
  'user-agent' => 'Mozilla/5.0 (Windows NT 10.0; Win64; x64) AppleWebKit/537.36 (KHTML, like Gecko) Chrome/74.0.3729.157 Safari/537.36',
  'upgrade-insecure-requests' => '1',
  'cache-control' => 'max-age=0',
  'connection' => 'close',
  'host' => 'lou',
)
[ info ] [ PARAM ] array (
  '/admin/img/index_html' => '',
)
[ info ] [ SESSION ] INIT array (
  'id' => '',
  'var_session_id' => '',
  'prefix' => 'think',
  'type' => '',
  'auto_start' => true,
)
[ info ] [ RUN ] app\admin\controller\Img->index[ D:\phpStudy\PHPTutorial\WWW\lou\application\admin\controller\Img.php ]
[ info ] [ DB ] INIT mysql
[ info ] [ VIEW ] D:\phpStudy\PHPTutorial\WWW\lou/application/admin\view\img\index.html [ array (
  0 => 'lists',
) ]
[ info ] [ LOG ] INIT File
[ sql ] [ DB ] CONNECT:[ UseTime:0.010391s ] mysql:host=127.0.0.1;dbname=lou;charset=utf8
[ sql ] [ SQL ] SHOW COLUMNS FROM `img` [ RunTime:0.005853s ]
[ sql ] [ SQL ] SELECT COUNT(*) AS tp_count FROM `img` LIMIT 1 [ RunTime:0.000240s ]
[ sql ] [ SQL ] SELECT * FROM `img` ORDER BY `create_time` DESC LIMIT 0,10 [ RunTime:0.000249s ]
[ sql ] [ SQL ] SHOW COLUMNS FROM `admin` [ RunTime:0.008354s ]
[ sql ] [ SQL ] SELECT * FROM `admin` WHERE  `id` = 1 LIMIT 1 [ RunTime:0.000339s ]
[ sql ] [ SQL ] SHOW COLUMNS FROM `build` [ RunTime:0.008687s ]
[ sql ] [ SQL ] SELECT * FROM `build` WHERE  `id` = 1 LIMIT 1 [ RunTime:0.000501s ]
---------------------------------------------------------------
[ 2019-06-21T00:12:34+08:00 ] 127.0.0.1 GET /admin/Housetype/index
[ info ] lou/admin/Housetype/index [运行时间：0.086107s][吞吐率：11.61req/s] [内存消耗：2,483.72kb] [文件加载：61]
[ info ] [ LANG ] D:\phpStudy\PHPTutorial\WWW\lou\thinkphp\lang\zh-cn.php
[ info ] [ ROUTE ] array (
  'type' => 'module',
  'module' => 
  array (
    0 => 'admin',
    1 => 'Housetype',
    2 => 'index',
  ),
)
[ info ] [ HEADER ] array (
  'cookie' => 'PHPSESSID=o2dn7oajceni66023bukc21eo6',
  'accept-language' => 'zh-CN,zh;q=0.9',
  'accept-encoding' => 'gzip, deflate',
  'referer' => 'http://lou/admin/img/index.html',
  'accept' => 'text/html,application/xhtml+xml,application/xml;q=0.9,image/webp,image/apng,*/*;q=0.8,application/signed-exchange;v=b3',
  'user-agent' => 'Mozilla/5.0 (Windows NT 10.0; Win64; x64) AppleWebKit/537.36 (KHTML, like Gecko) Chrome/74.0.3729.157 Safari/537.36',
  'upgrade-insecure-requests' => '1',
  'connection' => 'close',
  'host' => 'lou',
)
[ info ] [ PARAM ] array (
  '/admin/Housetype/index' => '',
)
[ info ] [ SESSION ] INIT array (
  'id' => '',
  'var_session_id' => '',
  'prefix' => 'think',
  'type' => '',
  'auto_start' => true,
)
[ info ] [ RUN ] app\admin\controller\Housetype->index[ D:\phpStudy\PHPTutorial\WWW\lou\application\admin\controller\Housetype.php ]
[ info ] [ DB ] INIT mysql
[ info ] [ VIEW ] D:\phpStudy\PHPTutorial\WWW\lou/application/admin\view\housetype\index.html [ array (
  0 => 'lists',
) ]
[ info ] [ LOG ] INIT File
[ sql ] [ DB ] CONNECT:[ UseTime:0.010452s ] mysql:host=127.0.0.1;dbname=lou;charset=utf8
[ sql ] [ SQL ] SHOW COLUMNS FROM `house_type` [ RunTime:0.021472s ]
[ sql ] [ SQL ] SELECT COUNT(*) AS tp_count FROM `house_type` WHERE  `del` = 0 LIMIT 1 [ RunTime:0.000330s ]
[ sql ] [ SQL ] SELECT * FROM `house_type` WHERE  `del` = 0 ORDER BY `create_time` DESC LIMIT 0,10 [ RunTime:0.000299s ]
[ sql ] [ SQL ] SHOW COLUMNS FROM `admin` [ RunTime:0.009482s ]
[ sql ] [ SQL ] SELECT * FROM `admin` WHERE  `id` = 1 LIMIT 1 [ RunTime:0.000386s ]
---------------------------------------------------------------
[ 2019-06-21T00:20:34+08:00 ] 127.0.0.1 GET /admin/Housetype/index
[ info ] lou/admin/Housetype/index [运行时间：0.070932s][吞吐率：14.10req/s] [内存消耗：2,483.78kb] [文件加载：61]
[ info ] [ LANG ] D:\phpStudy\PHPTutorial\WWW\lou\thinkphp\lang\zh-cn.php
[ info ] [ ROUTE ] array (
  'type' => 'module',
  'module' => 
  array (
    0 => 'admin',
    1 => 'Housetype',
    2 => 'index',
  ),
)
[ info ] [ HEADER ] array (
  'cookie' => 'PHPSESSID=o2dn7oajceni66023bukc21eo6',
  'accept-language' => 'zh-CN,zh;q=0.9',
  'accept-encoding' => 'gzip, deflate',
  'referer' => 'http://lou/admin/img/index.html',
  'accept' => 'text/html,application/xhtml+xml,application/xml;q=0.9,image/webp,image/apng,*/*;q=0.8,application/signed-exchange;v=b3',
  'user-agent' => 'Mozilla/5.0 (Windows NT 10.0; Win64; x64) AppleWebKit/537.36 (KHTML, like Gecko) Chrome/74.0.3729.157 Safari/537.36',
  'upgrade-insecure-requests' => '1',
  'cache-control' => 'max-age=0',
  'connection' => 'close',
  'host' => 'lou',
)
[ info ] [ PARAM ] array (
  '/admin/Housetype/index' => '',
)
[ info ] [ SESSION ] INIT array (
  'id' => '',
  'var_session_id' => '',
  'prefix' => 'think',
  'type' => '',
  'auto_start' => true,
)
[ info ] [ RUN ] app\admin\controller\Housetype->index[ D:\phpStudy\PHPTutorial\WWW\lou\application\admin\controller\Housetype.php ]
[ info ] [ DB ] INIT mysql
[ info ] [ VIEW ] D:\phpStudy\PHPTutorial\WWW\lou/application/admin\view\housetype\index.html [ array (
  0 => 'lists',
) ]
[ info ] [ LOG ] INIT File
[ sql ] [ DB ] CONNECT:[ UseTime:0.011854s ] mysql:host=127.0.0.1;dbname=lou;charset=utf8
[ sql ] [ SQL ] SHOW COLUMNS FROM `house_type` [ RunTime:0.012293s ]
[ sql ] [ SQL ] SELECT COUNT(*) AS tp_count FROM `house_type` WHERE  `del` = 0 LIMIT 1 [ RunTime:0.000445s ]
[ sql ] [ SQL ] SELECT * FROM `house_type` WHERE  `del` = 0 ORDER BY `create_time` DESC LIMIT 0,10 [ RunTime:0.000397s ]
[ sql ] [ SQL ] SHOW COLUMNS FROM `admin` [ RunTime:0.010523s ]
[ sql ] [ SQL ] SELECT * FROM `admin` WHERE  `id` = 1 LIMIT 1 [ RunTime:0.000333s ]
---------------------------------------------------------------
[ 2019-06-21T00:20:35+08:00 ] 127.0.0.1 GET /admin/House/index
[ info ] lou/admin/House/index [运行时间：0.013808s][吞吐率：72.42req/s] [内存消耗：1,369.75kb] [文件加载：45]
[ info ] [ LANG ] D:\phpStudy\PHPTutorial\WWW\lou\thinkphp\lang\zh-cn.php
[ info ] [ ROUTE ] array (
  'type' => 'module',
  'module' => 
  array (
    0 => 'admin',
    1 => 'House',
    2 => 'index',
  ),
)
[ info ] [ HEADER ] array (
  'cookie' => 'PHPSESSID=o2dn7oajceni66023bukc21eo6',
  'accept-language' => 'zh-CN,zh;q=0.9',
  'accept-encoding' => 'gzip, deflate',
  'referer' => 'http://lou/admin/Housetype/index',
  'accept' => 'text/html,application/xhtml+xml,application/xml;q=0.9,image/webp,image/apng,*/*;q=0.8,application/signed-exchange;v=b3',
  'user-agent' => 'Mozilla/5.0 (Windows NT 10.0; Win64; x64) AppleWebKit/537.36 (KHTML, like Gecko) Chrome/74.0.3729.157 Safari/537.36',
  'upgrade-insecure-requests' => '1',
  'connection' => 'close',
  'host' => 'lou',
)
[ info ] [ PARAM ] array (
  '/admin/House/index' => '',
)
[ info ] [ SESSION ] INIT array (
  'id' => '',
  'var_session_id' => '',
  'prefix' => 'think',
  'type' => '',
  'auto_start' => true,
)
[ info ] [ RUN ] app\admin\controller\House->index[ D:\phpStudy\PHPTutorial\WWW\lou\application\admin\controller\House.php ]
[ info ] [ LOG ] INIT File
[ error ] [0]致命错误: Class 'app\model\HouseModel' not found[D:\phpStudy\PHPTutorial\WWW\lou\application\admin\controller\House.php:16]
---------------------------------------------------------------
[ 2019-06-21T00:21:03+08:00 ] 127.0.0.1 GET /admin/House/index
[ info ] lou/admin/House/index [运行时间：0.087346s][吞吐率：11.45req/s] [内存消耗：2,486.64kb] [文件加载：61]
[ info ] [ LANG ] D:\phpStudy\PHPTutorial\WWW\lou\thinkphp\lang\zh-cn.php
[ info ] [ ROUTE ] array (
  'type' => 'module',
  'module' => 
  array (
    0 => 'admin',
    1 => 'House',
    2 => 'index',
  ),
)
[ info ] [ HEADER ] array (
  'cookie' => 'PHPSESSID=o2dn7oajceni66023bukc21eo6',
  'accept-language' => 'zh-CN,zh;q=0.9',
  'accept-encoding' => 'gzip, deflate',
  'referer' => 'http://lou/admin/Housetype/index',
  'accept' => 'text/html,application/xhtml+xml,application/xml;q=0.9,image/webp,image/apng,*/*;q=0.8,application/signed-exchange;v=b3',
  'user-agent' => 'Mozilla/5.0 (Windows NT 10.0; Win64; x64) AppleWebKit/537.36 (KHTML, like Gecko) Chrome/74.0.3729.157 Safari/537.36',
  'upgrade-insecure-requests' => '1',
  'cache-control' => 'max-age=0',
  'connection' => 'close',
  'host' => 'lou',
)
[ info ] [ PARAM ] array (
  '/admin/House/index' => '',
)
[ info ] [ SESSION ] INIT array (
  'id' => '',
  'var_session_id' => '',
  'prefix' => 'think',
  'type' => '',
  'auto_start' => true,
)
[ info ] [ RUN ] app\admin\controller\House->index[ D:\phpStudy\PHPTutorial\WWW\lou\application\admin\controller\House.php ]
[ info ] [ DB ] INIT mysql
[ info ] [ VIEW ] D:\phpStudy\PHPTutorial\WWW\lou/application/admin\view\house\index.html [ array (
  0 => 'lists',
) ]
[ info ] [ LOG ] INIT File
[ sql ] [ DB ] CONNECT:[ UseTime:0.009672s ] mysql:host=127.0.0.1;dbname=lou;charset=utf8
[ sql ] [ SQL ] SHOW COLUMNS FROM `house` [ RunTime:0.021046s ]
[ sql ] [ SQL ] SELECT COUNT(*) AS tp_count FROM `house` LIMIT 1 [ RunTime:0.000281s ]
[ sql ] [ SQL ] SELECT * FROM `house` ORDER BY `create_time` DESC LIMIT 0,10 [ RunTime:0.000291s ]
[ sql ] [ SQL ] SHOW COLUMNS FROM `admin` [ RunTime:0.008939s ]
[ sql ] [ SQL ] SELECT * FROM `admin` WHERE  `id` = 1 LIMIT 1 [ RunTime:0.000297s ]
---------------------------------------------------------------
[ 2019-06-21T00:21:57+08:00 ] 127.0.0.1 GET /admin/House/index
[ info ] lou/admin/House/index [运行时间：0.073139s][吞吐率：13.67req/s] [内存消耗：2,368.15kb] [文件加载：59]
[ info ] [ LANG ] D:\phpStudy\PHPTutorial\WWW\lou\thinkphp\lang\zh-cn.php
[ info ] [ ROUTE ] array (
  'type' => 'module',
  'module' => 
  array (
    0 => 'admin',
    1 => 'House',
    2 => 'index',
  ),
)
[ info ] [ HEADER ] array (
  'cookie' => 'PHPSESSID=o2dn7oajceni66023bukc21eo6',
  'accept-language' => 'zh-CN,zh;q=0.9',
  'accept-encoding' => 'gzip, deflate',
  'referer' => 'http://lou/admin/Housetype/index',
  'accept' => 'text/html,application/xhtml+xml,application/xml;q=0.9,image/webp,image/apng,*/*;q=0.8,application/signed-exchange;v=b3',
  'user-agent' => 'Mozilla/5.0 (Windows NT 10.0; Win64; x64) AppleWebKit/537.36 (KHTML, like Gecko) Chrome/74.0.3729.157 Safari/537.36',
  'upgrade-insecure-requests' => '1',
  'cache-control' => 'max-age=0',
  'connection' => 'close',
  'host' => 'lou',
)
[ info ] [ PARAM ] array (
  '/admin/House/index' => '',
)
[ info ] [ SESSION ] INIT array (
  'id' => '',
  'var_session_id' => '',
  'prefix' => 'think',
  'type' => '',
  'auto_start' => true,
)
[ info ] [ RUN ] app\admin\controller\House->index[ D:\phpStudy\PHPTutorial\WWW\lou\application\admin\controller\House.php ]
[ info ] [ DB ] INIT mysql
[ info ] [ VIEW ] D:\phpStudy\PHPTutorial\WWW\lou/application/admin\view\house\index.html [ array (
  0 => 'lists',
) ]
[ info ] [ LOG ] INIT File
[ sql ] [ DB ] CONNECT:[ UseTime:0.010178s ] mysql:host=127.0.0.1;dbname=lou;charset=utf8
[ sql ] [ SQL ] SHOW COLUMNS FROM `house` [ RunTime:0.021652s ]
[ sql ] [ SQL ] SELECT COUNT(*) AS tp_count FROM `house` LIMIT 1 [ RunTime:0.000275s ]
[ sql ] [ SQL ] SELECT * FROM `house` ORDER BY `create_time` DESC LIMIT 0,10 [ RunTime:0.000262s ]
[ sql ] [ SQL ] SHOW COLUMNS FROM `admin` [ RunTime:0.008008s ]
[ sql ] [ SQL ] SELECT * FROM `admin` WHERE  `id` = 1 LIMIT 1 [ RunTime:0.000349s ]
---------------------------------------------------------------
[ 2019-06-21T00:21:59+08:00 ] 127.0.0.1 GET /admin/House/add
[ info ] lou/admin/House/add [运行时间：0.073616s][吞吐率：13.58req/s] [内存消耗：2,427.85kb] [文件加载：57]
[ info ] [ LANG ] D:\phpStudy\PHPTutorial\WWW\lou\thinkphp\lang\zh-cn.php
[ info ] [ ROUTE ] array (
  'type' => 'module',
  'module' => 
  array (
    0 => 'admin',
    1 => 'House',
    2 => 'add',
  ),
)
[ info ] [ HEADER ] array (
  'cookie' => 'PHPSESSID=o2dn7oajceni66023bukc21eo6',
  'accept-language' => 'zh-CN,zh;q=0.9',
  'accept-encoding' => 'gzip, deflate',
  'referer' => 'http://lou/admin/House/index',
  'accept' => 'text/html,application/xhtml+xml,application/xml;q=0.9,image/webp,image/apng,*/*;q=0.8,application/signed-exchange;v=b3',
  'user-agent' => 'Mozilla/5.0 (Windows NT 10.0; Win64; x64) AppleWebKit/537.36 (KHTML, like Gecko) Chrome/74.0.3729.157 Safari/537.36',
  'upgrade-insecure-requests' => '1',
  'connection' => 'close',
  'host' => 'lou',
)
[ info ] [ PARAM ] array (
  '/admin/House/add' => '',
)
[ info ] [ SESSION ] INIT array (
  'id' => '',
  'var_session_id' => '',
  'prefix' => 'think',
  'type' => '',
  'auto_start' => true,
)
[ info ] [ RUN ] app\admin\controller\House->add[ D:\phpStudy\PHPTutorial\WWW\lou\application\admin\controller\House.php ]
[ info ] [ DB ] INIT mysql
[ info ] [ VIEW ] D:\phpStudy\PHPTutorial\WWW\lou/application/admin\view\house\add.html [ array (
  0 => 'builds',
) ]
[ info ] [ LOG ] INIT File
[ sql ] [ DB ] CONNECT:[ UseTime:0.010584s ] mysql:host=127.0.0.1;dbname=lou;charset=utf8
[ sql ] [ SQL ] SHOW COLUMNS FROM `build` [ RunTime:0.021536s ]
[ sql ] [ SQL ] SELECT * FROM `build` ORDER BY `create_time` DESC [ RunTime:0.000449s ]
[ sql ] [ SQL ] SHOW COLUMNS FROM `admin` [ RunTime:0.007718s ]
[ sql ] [ SQL ] SELECT * FROM `admin` WHERE  `id` = 1 LIMIT 1 [ RunTime:0.000301s ]
---------------------------------------------------------------
[ 2019-06-21T00:22:10+08:00 ] 127.0.0.1 POST /admin/House/add
[ info ] lou/admin/House/add [运行时间：0.029553s][吞吐率：33.84req/s] [内存消耗：2,165.91kb] [文件加载：54]
[ info ] [ LANG ] D:\phpStudy\PHPTutorial\WWW\lou\thinkphp\lang\zh-cn.php
[ info ] [ ROUTE ] array (
  'type' => 'module',
  'module' => 
  array (
    0 => 'admin',
    1 => 'House',
    2 => 'add',
  ),
)
[ info ] [ HEADER ] array (
  'cookie' => 'PHPSESSID=o2dn7oajceni66023bukc21eo6',
  'accept-language' => 'zh-CN,zh;q=0.9',
  'accept-encoding' => 'gzip, deflate',
  'referer' => 'http://lou/admin/House/add',
  'accept' => 'text/html,application/xhtml+xml,application/xml;q=0.9,image/webp,image/apng,*/*;q=0.8,application/signed-exchange;v=b3',
  'user-agent' => 'Mozilla/5.0 (Windows NT 10.0; Win64; x64) AppleWebKit/537.36 (KHTML, like Gecko) Chrome/74.0.3729.157 Safari/537.36',
  'content-type' => 'multipart/form-data; boundary=----WebKitFormBoundary3PuVocGT8qsychrX',
  'upgrade-insecure-requests' => '1',
  'origin' => 'http://lou',
  'cache-control' => 'max-age=0',
  'content-length' => '20964',
  'connection' => 'close',
  'host' => 'lou',
)
[ info ] [ PARAM ] array (
  '/admin/House/add' => '',
  'build_id' => '1',
  'house' => '户型1',
  'desc' => '<p>123哈哈哈</p>',
  'editorValue' => '<p>123哈哈哈</p>',
)
[ info ] [ SESSION ] INIT array (
  'id' => '',
  'var_session_id' => '',
  'prefix' => 'think',
  'type' => '',
  'auto_start' => true,
)
[ info ] [ RUN ] app\admin\controller\House->add[ D:\phpStudy\PHPTutorial\WWW\lou\application\admin\controller\House.php ]
[ info ] [ DB ] INIT mysql
[ info ] [ LOG ] INIT File
[ error ] [8]未定义数组索引: build_s[D:\phpStudy\PHPTutorial\WWW\lou\application\admin\controller\House.php:28]
---------------------------------------------------------------
[ 2019-06-21T00:22:35+08:00 ] 127.0.0.1 GET /admin/House/add
[ info ] lou/admin/House/add [运行时间：0.075513s][吞吐率：13.24req/s] [内存消耗：2,428.10kb] [文件加载：57]
[ info ] [ LANG ] D:\phpStudy\PHPTutorial\WWW\lou\thinkphp\lang\zh-cn.php
[ info ] [ ROUTE ] array (
  'type' => 'module',
  'module' => 
  array (
    0 => 'admin',
    1 => 'House',
    2 => 'add',
  ),
)
[ info ] [ HEADER ] array (
  'cookie' => 'PHPSESSID=o2dn7oajceni66023bukc21eo6',
  'accept-language' => 'zh-CN,zh;q=0.9',
  'accept-encoding' => 'gzip, deflate',
  'referer' => 'http://lou/admin/House/index',
  'accept' => 'text/html,application/xhtml+xml,application/xml;q=0.9,image/webp,image/apng,*/*;q=0.8,application/signed-exchange;v=b3',
  'user-agent' => 'Mozilla/5.0 (Windows NT 10.0; Win64; x64) AppleWebKit/537.36 (KHTML, like Gecko) Chrome/74.0.3729.157 Safari/537.36',
  'upgrade-insecure-requests' => '1',
  'connection' => 'close',
  'host' => 'lou',
)
[ info ] [ PARAM ] array (
  '/admin/House/add' => '',
)
[ info ] [ SESSION ] INIT array (
  'id' => '',
  'var_session_id' => '',
  'prefix' => 'think',
  'type' => '',
  'auto_start' => true,
)
[ info ] [ RUN ] app\admin\controller\House->add[ D:\phpStudy\PHPTutorial\WWW\lou\application\admin\controller\House.php ]
[ info ] [ DB ] INIT mysql
[ info ] [ VIEW ] D:\phpStudy\PHPTutorial\WWW\lou/application/admin\view\house\add.html [ array (
  0 => 'builds',
) ]
[ info ] [ LOG ] INIT File
[ sql ] [ DB ] CONNECT:[ UseTime:0.009860s ] mysql:host=127.0.0.1;dbname=lou;charset=utf8
[ sql ] [ SQL ] SHOW COLUMNS FROM `build` [ RunTime:0.012460s ]
[ sql ] [ SQL ] SELECT * FROM `build` ORDER BY `create_time` DESC [ RunTime:0.000437s ]
[ sql ] [ SQL ] SHOW COLUMNS FROM `admin` [ RunTime:0.009204s ]
[ sql ] [ SQL ] SELECT * FROM `admin` WHERE  `id` = 1 LIMIT 1 [ RunTime:0.000617s ]
---------------------------------------------------------------
[ 2019-06-21T00:22:35+08:00 ] 127.0.0.1 GET /admin/House/add
[ info ] lou/admin/House/add [运行时间：0.061365s][吞吐率：16.30req/s] [内存消耗：2,308.08kb] [文件加载：55]
[ info ] [ LANG ] D:\phpStudy\PHPTutorial\WWW\lou\thinkphp\lang\zh-cn.php
[ info ] [ ROUTE ] array (
  'type' => 'module',
  'module' => 
  array (
    0 => 'admin',
    1 => 'House',
    2 => 'add',
  ),
)
[ info ] [ HEADER ] array (
  'cookie' => 'PHPSESSID=o2dn7oajceni66023bukc21eo6',
  'accept-language' => 'zh-CN,zh;q=0.9',
  'accept-encoding' => 'gzip, deflate',
  'referer' => 'http://lou/admin/House/index',
  'accept' => 'text/html,application/xhtml+xml,application/xml;q=0.9,image/webp,image/apng,*/*;q=0.8,application/signed-exchange;v=b3',
  'user-agent' => 'Mozilla/5.0 (Windows NT 10.0; Win64; x64) AppleWebKit/537.36 (KHTML, like Gecko) Chrome/74.0.3729.157 Safari/537.36',
  'upgrade-insecure-requests' => '1',
  'cache-control' => 'max-age=0',
  'connection' => 'close',
  'host' => 'lou',
)
[ info ] [ PARAM ] array (
  '/admin/House/add' => '',
)
[ info ] [ SESSION ] INIT array (
  'id' => '',
  'var_session_id' => '',
  'prefix' => 'think',
  'type' => '',
  'auto_start' => true,
)
[ info ] [ RUN ] app\admin\controller\House->add[ D:\phpStudy\PHPTutorial\WWW\lou\application\admin\controller\House.php ]
[ info ] [ DB ] INIT mysql
[ info ] [ VIEW ] D:\phpStudy\PHPTutorial\WWW\lou/application/admin\view\house\add.html [ array (
  0 => 'builds',
) ]
[ info ] [ LOG ] INIT File
[ sql ] [ DB ] CONNECT:[ UseTime:0.009765s ] mysql:host=127.0.0.1;dbname=lou;charset=utf8
[ sql ] [ SQL ] SHOW COLUMNS FROM `build` [ RunTime:0.016706s ]
[ sql ] [ SQL ] SELECT * FROM `build` ORDER BY `create_time` DESC [ RunTime:0.000625s ]
[ sql ] [ SQL ] SHOW COLUMNS FROM `admin` [ RunTime:0.005544s ]
[ sql ] [ SQL ] SELECT * FROM `admin` WHERE  `id` = 1 LIMIT 1 [ RunTime:0.000328s ]
---------------------------------------------------------------
[ 2019-06-21T00:22:36+08:00 ] 127.0.0.1 GET /admin/House/add
[ info ] lou/admin/House/add [运行时间：0.074434s][吞吐率：13.43req/s] [内存消耗：2,308.08kb] [文件加载：55]
[ info ] [ LANG ] D:\phpStudy\PHPTutorial\WWW\lou\thinkphp\lang\zh-cn.php
[ info ] [ ROUTE ] array (
  'type' => 'module',
  'module' => 
  array (
    0 => 'admin',
    1 => 'House',
    2 => 'add',
  ),
)
[ info ] [ HEADER ] array (
  'cookie' => 'PHPSESSID=o2dn7oajceni66023bukc21eo6',
  'accept-language' => 'zh-CN,zh;q=0.9',
  'accept-encoding' => 'gzip, deflate',
  'referer' => 'http://lou/admin/House/index',
  'accept' => 'text/html,application/xhtml+xml,application/xml;q=0.9,image/webp,image/apng,*/*;q=0.8,application/signed-exchange;v=b3',
  'user-agent' => 'Mozilla/5.0 (Windows NT 10.0; Win64; x64) AppleWebKit/537.36 (KHTML, like Gecko) Chrome/74.0.3729.157 Safari/537.36',
  'upgrade-insecure-requests' => '1',
  'cache-control' => 'max-age=0',
  'connection' => 'close',
  'host' => 'lou',
)
[ info ] [ PARAM ] array (
  '/admin/House/add' => '',
)
[ info ] [ SESSION ] INIT array (
  'id' => '',
  'var_session_id' => '',
  'prefix' => 'think',
  'type' => '',
  'auto_start' => true,
)
[ info ] [ RUN ] app\admin\controller\House->add[ D:\phpStudy\PHPTutorial\WWW\lou\application\admin\controller\House.php ]
[ info ] [ DB ] INIT mysql
[ info ] [ VIEW ] D:\phpStudy\PHPTutorial\WWW\lou/application/admin\view\house\add.html [ array (
  0 => 'builds',
) ]
[ info ] [ LOG ] INIT File
[ sql ] [ DB ] CONNECT:[ UseTime:0.010921s ] mysql:host=127.0.0.1;dbname=lou;charset=utf8
[ sql ] [ SQL ] SHOW COLUMNS FROM `build` [ RunTime:0.024126s ]
[ sql ] [ SQL ] SELECT * FROM `build` ORDER BY `create_time` DESC [ RunTime:0.000409s ]
[ sql ] [ SQL ] SHOW COLUMNS FROM `admin` [ RunTime:0.008251s ]
[ sql ] [ SQL ] SELECT * FROM `admin` WHERE  `id` = 1 LIMIT 1 [ RunTime:0.000310s ]
---------------------------------------------------------------
[ 2019-06-21T00:22:42+08:00 ] 127.0.0.1 POST /admin/House/add
[ info ] lou/admin/House/add [运行时间：0.058853s][吞吐率：16.99req/s] [内存消耗：2,334.06kb] [文件加载：56]
[ info ] [ LANG ] D:\phpStudy\PHPTutorial\WWW\lou\thinkphp\lang\zh-cn.php
[ info ] [ ROUTE ] array (
  'type' => 'module',
  'module' => 
  array (
    0 => 'admin',
    1 => 'House',
    2 => 'add',
  ),
)
[ info ] [ HEADER ] array (
  'cookie' => 'PHPSESSID=o2dn7oajceni66023bukc21eo6',
  'accept-language' => 'zh-CN,zh;q=0.9',
  'accept-encoding' => 'gzip, deflate',
  'referer' => 'http://lou/admin/House/add',
  'accept' => 'text/html,application/xhtml+xml,application/xml;q=0.9,image/webp,image/apng,*/*;q=0.8,application/signed-exchange;v=b3',
  'user-agent' => 'Mozilla/5.0 (Windows NT 10.0; Win64; x64) AppleWebKit/537.36 (KHTML, like Gecko) Chrome/74.0.3729.157 Safari/537.36',
  'content-type' => 'multipart/form-data; boundary=----WebKitFormBoundaryXA9rhaoOFHJfn0Mh',
  'upgrade-insecure-requests' => '1',
  'origin' => 'http://lou',
  'cache-control' => 'max-age=0',
  'content-length' => '21061',
  'connection' => 'close',
  'host' => 'lou',
)
[ info ] [ PARAM ] array (
  '/admin/House/add' => '',
  'build_id' => '1',
  'house' => '户型1',
  'build_s' => '950000平方米',
  'desc' => '<p>123123</p>',
  'editorValue' => '<p>123123</p>',
)
[ info ] [ SESSION ] INIT array (
  'id' => '',
  'var_session_id' => '',
  'prefix' => 'think',
  'type' => '',
  'auto_start' => true,
)
[ info ] [ RUN ] app\admin\controller\House->add[ D:\phpStudy\PHPTutorial\WWW\lou\application\admin\controller\House.php ]
[ info ] [ DB ] INIT mysql
[ info ] [ LOG ] INIT File
[ sql ] [ DB ] CONNECT:[ UseTime:0.010282s ] mysql:host=127.0.0.1;dbname=lou;charset=utf8
[ sql ] [ SQL ] SHOW COLUMNS FROM `house` [ RunTime:0.013158s ]
[ sql ] [ SQL ] INSERT INTO `house` (`house` , `build_id` , `desc` , `build_s` , `img` , `create_time` , `update_time`) VALUES ('户型1' , 1 , '<p>123123</p>' , '950000平方米' , '/public/static/uploads/20190621/15610477624495.png' , '2019-06-21 00:22:42' , '2019-06-21 00:22:42') [ RunTime:0.000311s ]
---------------------------------------------------------------
[ 2019-06-21T00:22:42+08:00 ] 127.0.0.1 GET /admin/house/index.html
[ info ] lou/admin/house/index.html [运行时间：0.056538s][吞吐率：17.69req/s] [内存消耗：2,370.20kb] [文件加载：59]
[ info ] [ LANG ] D:\phpStudy\PHPTutorial\WWW\lou\thinkphp\lang\zh-cn.php
[ info ] [ ROUTE ] array (
  'type' => 'module',
  'module' => 
  array (
    0 => 'admin',
    1 => 'house',
    2 => 'index',
  ),
)
[ info ] [ HEADER ] array (
  'cookie' => 'PHPSESSID=o2dn7oajceni66023bukc21eo6',
  'accept-language' => 'zh-CN,zh;q=0.9',
  'accept-encoding' => 'gzip, deflate',
  'referer' => 'http://lou/admin/House/add',
  'accept' => 'text/html,application/xhtml+xml,application/xml;q=0.9,image/webp,image/apng,*/*;q=0.8,application/signed-exchange;v=b3',
  'user-agent' => 'Mozilla/5.0 (Windows NT 10.0; Win64; x64) AppleWebKit/537.36 (KHTML, like Gecko) Chrome/74.0.3729.157 Safari/537.36',
  'upgrade-insecure-requests' => '1',
  'cache-control' => 'max-age=0',
  'connection' => 'close',
  'host' => 'lou',
)
[ info ] [ PARAM ] array (
  '/admin/house/index_html' => '',
)
[ info ] [ SESSION ] INIT array (
  'id' => '',
  'var_session_id' => '',
  'prefix' => 'think',
  'type' => '',
  'auto_start' => true,
)
[ info ] [ RUN ] app\admin\controller\House->index[ D:\phpStudy\PHPTutorial\WWW\lou\application\admin\controller\House.php ]
[ info ] [ DB ] INIT mysql
[ info ] [ VIEW ] D:\phpStudy\PHPTutorial\WWW\lou/application/admin\view\house\index.html [ array (
  0 => 'lists',
) ]
[ info ] [ LOG ] INIT File
[ sql ] [ DB ] CONNECT:[ UseTime:0.011152s ] mysql:host=127.0.0.1;dbname=lou;charset=utf8
[ sql ] [ SQL ] SHOW COLUMNS FROM `house` [ RunTime:0.005251s ]
[ sql ] [ SQL ] SELECT COUNT(*) AS tp_count FROM `house` LIMIT 1 [ RunTime:0.000178s ]
[ sql ] [ SQL ] SELECT * FROM `house` ORDER BY `create_time` DESC LIMIT 0,10 [ RunTime:0.000213s ]
[ sql ] [ SQL ] SHOW COLUMNS FROM `admin` [ RunTime:0.007867s ]
[ sql ] [ SQL ] SELECT * FROM `admin` WHERE  `id` = 1 LIMIT 1 [ RunTime:0.000304s ]
---------------------------------------------------------------
[ 2019-06-21T00:24:06+08:00 ] 127.0.0.1 GET /admin/House/index
[ info ] lou/admin/House/index [运行时间：0.089201s][吞吐率：11.21req/s] [内存消耗：2,370.09kb] [文件加载：59]
[ info ] [ LANG ] D:\phpStudy\PHPTutorial\WWW\lou\thinkphp\lang\zh-cn.php
[ info ] [ ROUTE ] array (
  'type' => 'module',
  'module' => 
  array (
    0 => 'admin',
    1 => 'House',
    2 => 'index',
  ),
)
[ info ] [ HEADER ] array (
  'cookie' => 'PHPSESSID=o2dn7oajceni66023bukc21eo6',
  'accept-language' => 'zh-CN,zh;q=0.9',
  'accept-encoding' => 'gzip, deflate',
  'referer' => 'http://lou/admin/house/index.html',
  'accept' => 'text/html,application/xhtml+xml,application/xml;q=0.9,image/webp,image/apng,*/*;q=0.8,application/signed-exchange;v=b3',
  'user-agent' => 'Mozilla/5.0 (Windows NT 10.0; Win64; x64) AppleWebKit/537.36 (KHTML, like Gecko) Chrome/74.0.3729.157 Safari/537.36',
  'upgrade-insecure-requests' => '1',
  'connection' => 'close',
  'host' => 'lou',
)
[ info ] [ PARAM ] array (
  '/admin/House/index' => '',
)
[ info ] [ SESSION ] INIT array (
  'id' => '',
  'var_session_id' => '',
  'prefix' => 'think',
  'type' => '',
  'auto_start' => true,
)
[ info ] [ RUN ] app\admin\controller\House->index[ D:\phpStudy\PHPTutorial\WWW\lou\application\admin\controller\House.php ]
[ info ] [ DB ] INIT mysql
[ info ] [ VIEW ] D:\phpStudy\PHPTutorial\WWW\lou/application/admin\view\house\index.html [ array (
  0 => 'lists',
) ]
[ info ] [ LOG ] INIT File
[ sql ] [ DB ] CONNECT:[ UseTime:0.009925s ] mysql:host=127.0.0.1;dbname=lou;charset=utf8
[ sql ] [ SQL ] SHOW COLUMNS FROM `house` [ RunTime:0.023226s ]
[ sql ] [ SQL ] SELECT COUNT(*) AS tp_count FROM `house` LIMIT 1 [ RunTime:0.000309s ]
[ sql ] [ SQL ] SELECT * FROM `house` ORDER BY `create_time` DESC LIMIT 0,10 [ RunTime:0.000330s ]
[ sql ] [ SQL ] SHOW COLUMNS FROM `admin` [ RunTime:0.009986s ]
[ sql ] [ SQL ] SELECT * FROM `admin` WHERE  `id` = 1 LIMIT 1 [ RunTime:0.000341s ]
---------------------------------------------------------------
[ 2019-06-21T00:24:07+08:00 ] 127.0.0.1 GET /admin/house/edit.html?id=1
[ info ] lou/admin/house/edit.html?id=1 [运行时间：0.092128s][吞吐率：10.85req/s] [内存消耗：2,443.45kb] [文件加载：58]
[ info ] [ LANG ] D:\phpStudy\PHPTutorial\WWW\lou\thinkphp\lang\zh-cn.php
[ info ] [ ROUTE ] array (
  'type' => 'module',
  'module' => 
  array (
    0 => 'admin',
    1 => 'house',
    2 => 'edit',
  ),
)
[ info ] [ HEADER ] array (
  'cookie' => 'PHPSESSID=o2dn7oajceni66023bukc21eo6',
  'accept-language' => 'zh-CN,zh;q=0.9',
  'accept-encoding' => 'gzip, deflate',
  'referer' => 'http://lou/admin/House/index',
  'accept' => 'text/html,application/xhtml+xml,application/xml;q=0.9,image/webp,image/apng,*/*;q=0.8,application/signed-exchange;v=b3',
  'user-agent' => 'Mozilla/5.0 (Windows NT 10.0; Win64; x64) AppleWebKit/537.36 (KHTML, like Gecko) Chrome/74.0.3729.157 Safari/537.36',
  'upgrade-insecure-requests' => '1',
  'connection' => 'close',
  'host' => 'lou',
)
[ info ] [ PARAM ] array (
  '/admin/house/edit_html' => '',
  'id' => '1',
)
[ info ] [ SESSION ] INIT array (
  'id' => '',
  'var_session_id' => '',
  'prefix' => 'think',
  'type' => '',
  'auto_start' => true,
)
[ info ] [ RUN ] app\admin\controller\House->edit[ D:\phpStudy\PHPTutorial\WWW\lou\application\admin\controller\House.php ]
[ info ] [ DB ] INIT mysql
[ info ] [ VIEW ] D:\phpStudy\PHPTutorial\WWW\lou/application/admin\view\house\edit.html [ array (
  0 => 'builds',
  1 => 'list',
) ]
[ info ] [ LOG ] INIT File
[ sql ] [ DB ] CONNECT:[ UseTime:0.010332s ] mysql:host=127.0.0.1;dbname=lou;charset=utf8
[ sql ] [ SQL ] SHOW COLUMNS FROM `house` [ RunTime:0.023340s ]
[ sql ] [ SQL ] SELECT * FROM `house` WHERE  `id` = 1 LIMIT 1 [ RunTime:0.000290s ]
[ sql ] [ SQL ] SHOW COLUMNS FROM `build` [ RunTime:0.008345s ]
[ sql ] [ SQL ] SELECT * FROM `build` ORDER BY `create_time` DESC [ RunTime:0.000389s ]
[ sql ] [ SQL ] SHOW COLUMNS FROM `admin` [ RunTime:0.008452s ]
[ sql ] [ SQL ] SELECT * FROM `admin` WHERE  `id` = 1 LIMIT 1 [ RunTime:0.000301s ]
---------------------------------------------------------------
[ 2019-06-21T00:24:15+08:00 ] 127.0.0.1 POST /admin/house/edit.html?id=1
[ info ] lou/admin/house/edit.html?id=1 [运行时间：0.043671s][吞吐率：22.90req/s] [内存消耗：2,291.33kb] [文件加载：57]
[ info ] [ LANG ] D:\phpStudy\PHPTutorial\WWW\lou\thinkphp\lang\zh-cn.php
[ info ] [ ROUTE ] array (
  'type' => 'module',
  'module' => 
  array (
    0 => 'admin',
    1 => 'house',
    2 => 'edit',
  ),
)
[ info ] [ HEADER ] array (
  'cookie' => 'PHPSESSID=o2dn7oajceni66023bukc21eo6',
  'accept-language' => 'zh-CN,zh;q=0.9',
  'accept-encoding' => 'gzip, deflate',
  'referer' => 'http://lou/admin/house/edit.html?id=1',
  'accept' => 'text/html,application/xhtml+xml,application/xml;q=0.9,image/webp,image/apng,*/*;q=0.8,application/signed-exchange;v=b3',
  'user-agent' => 'Mozilla/5.0 (Windows NT 10.0; Win64; x64) AppleWebKit/537.36 (KHTML, like Gecko) Chrome/74.0.3729.157 Safari/537.36',
  'content-type' => 'multipart/form-data; boundary=----WebKitFormBoundaryF6BXmBilnFBtxYMY',
  'upgrade-insecure-requests' => '1',
  'origin' => 'http://lou',
  'cache-control' => 'max-age=0',
  'content-length' => '803',
  'connection' => 'close',
  'host' => 'lou',
)
[ info ] [ PARAM ] array (
  '/admin/house/edit_html' => '',
  'id' => '1',
  'build_id' => '1',
  'house' => '户型1',
  'build_s' => '9500001平方米',
  'desc' => '<p>123123111</p>',
  'editorValue' => '<p>123123111</p>',
)
[ info ] [ SESSION ] INIT array (
  'id' => '',
  'var_session_id' => '',
  'prefix' => 'think',
  'type' => '',
  'auto_start' => true,
)
[ info ] [ RUN ] app\admin\controller\House->edit[ D:\phpStudy\PHPTutorial\WWW\lou\application\admin\controller\House.php ]
[ info ] [ DB ] INIT mysql
[ info ] [ CACHE ] INIT File
[ info ] [ LOG ] INIT File
[ sql ] [ DB ] CONNECT:[ UseTime:0.000605s ] mysql:host=127.0.0.1;dbname=lou;charset=utf8
[ sql ] [ SQL ] SHOW COLUMNS FROM `house` [ RunTime:0.011949s ]
[ sql ] [ SQL ] SELECT * FROM `house` WHERE  `id` = 1 LIMIT 1 [ RunTime:0.000459s ]
[ sql ] [ SQL ] UPDATE `house`  SET `desc`='<p>123123111</p>',`build_s`='9500001平方米',`update_time`='2019-06-21 00:24:15'  WHERE  `id` = 1 [ RunTime:0.000320s ]
---------------------------------------------------------------
[ 2019-06-21T00:24:15+08:00 ] 127.0.0.1 GET /admin/house/index.html
[ info ] lou/admin/house/index.html [运行时间：0.047507s][吞吐率：21.05req/s] [内存消耗：2,370.23kb] [文件加载：59]
[ info ] [ LANG ] D:\phpStudy\PHPTutorial\WWW\lou\thinkphp\lang\zh-cn.php
[ info ] [ ROUTE ] array (
  'type' => 'module',
  'module' => 
  array (
    0 => 'admin',
    1 => 'house',
    2 => 'index',
  ),
)
[ info ] [ HEADER ] array (
  'cookie' => 'PHPSESSID=o2dn7oajceni66023bukc21eo6',
  'accept-language' => 'zh-CN,zh;q=0.9',
  'accept-encoding' => 'gzip, deflate',
  'referer' => 'http://lou/admin/house/edit.html?id=1',
  'accept' => 'text/html,application/xhtml+xml,application/xml;q=0.9,image/webp,image/apng,*/*;q=0.8,application/signed-exchange;v=b3',
  'user-agent' => 'Mozilla/5.0 (Windows NT 10.0; Win64; x64) AppleWebKit/537.36 (KHTML, like Gecko) Chrome/74.0.3729.157 Safari/537.36',
  'upgrade-insecure-requests' => '1',
  'cache-control' => 'max-age=0',
  'connection' => 'close',
  'host' => 'lou',
)
[ info ] [ PARAM ] array (
  '/admin/house/index_html' => '',
)
[ info ] [ SESSION ] INIT array (
  'id' => '',
  'var_session_id' => '',
  'prefix' => 'think',
  'type' => '',
  'auto_start' => true,
)
[ info ] [ RUN ] app\admin\controller\House->index[ D:\phpStudy\PHPTutorial\WWW\lou\application\admin\controller\House.php ]
[ info ] [ DB ] INIT mysql
[ info ] [ VIEW ] D:\phpStudy\PHPTutorial\WWW\lou/application/admin\view\house\index.html [ array (
  0 => 'lists',
) ]
[ info ] [ LOG ] INIT File
[ sql ] [ DB ] CONNECT:[ UseTime:0.011444s ] mysql:host=127.0.0.1;dbname=lou;charset=utf8
[ sql ] [ SQL ] SHOW COLUMNS FROM `house` [ RunTime:0.006288s ]
[ sql ] [ SQL ] SELECT COUNT(*) AS tp_count FROM `house` LIMIT 1 [ RunTime:0.000211s ]
[ sql ] [ SQL ] SELECT * FROM `house` ORDER BY `create_time` DESC LIMIT 0,10 [ RunTime:0.000224s ]
[ sql ] [ SQL ] SHOW COLUMNS FROM `admin` [ RunTime:0.011065s ]
[ sql ] [ SQL ] SELECT * FROM `admin` WHERE  `id` = 1 LIMIT 1 [ RunTime:0.000329s ]
---------------------------------------------------------------
[ 2019-06-21T00:24:17+08:00 ] 127.0.0.1 GET /admin/house/edit.html?id=1
[ info ] lou/admin/house/edit.html?id=1 [运行时间：0.074597s][吞吐率：13.41req/s] [内存消耗：2,321.89kb] [文件加载：56]
[ info ] [ LANG ] D:\phpStudy\PHPTutorial\WWW\lou\thinkphp\lang\zh-cn.php
[ info ] [ ROUTE ] array (
  'type' => 'module',
  'module' => 
  array (
    0 => 'admin',
    1 => 'house',
    2 => 'edit',
  ),
)
[ info ] [ HEADER ] array (
  'cookie' => 'PHPSESSID=o2dn7oajceni66023bukc21eo6',
  'accept-language' => 'zh-CN,zh;q=0.9',
  'accept-encoding' => 'gzip, deflate',
  'referer' => 'http://lou/admin/house/index.html',
  'accept' => 'text/html,application/xhtml+xml,application/xml;q=0.9,image/webp,image/apng,*/*;q=0.8,application/signed-exchange;v=b3',
  'user-agent' => 'Mozilla/5.0 (Windows NT 10.0; Win64; x64) AppleWebKit/537.36 (KHTML, like Gecko) Chrome/74.0.3729.157 Safari/537.36',
  'upgrade-insecure-requests' => '1',
  'connection' => 'close',
  'host' => 'lou',
)
[ info ] [ PARAM ] array (
  '/admin/house/edit_html' => '',
  'id' => '1',
)
[ info ] [ SESSION ] INIT array (
  'id' => '',
  'var_session_id' => '',
  'prefix' => 'think',
  'type' => '',
  'auto_start' => true,
)
[ info ] [ RUN ] app\admin\controller\House->edit[ D:\phpStudy\PHPTutorial\WWW\lou\application\admin\controller\House.php ]
[ info ] [ DB ] INIT mysql
[ info ] [ VIEW ] D:\phpStudy\PHPTutorial\WWW\lou/application/admin\view\house\edit.html [ array (
  0 => 'builds',
  1 => 'list',
) ]
[ info ] [ LOG ] INIT File
[ sql ] [ DB ] CONNECT:[ UseTime:0.000685s ] mysql:host=127.0.0.1;dbname=lou;charset=utf8
[ sql ] [ SQL ] SHOW COLUMNS FROM `house` [ RunTime:0.024546s ]
[ sql ] [ SQL ] SELECT * FROM `house` WHERE  `id` = 1 LIMIT 1 [ RunTime:0.000343s ]
[ sql ] [ SQL ] SHOW COLUMNS FROM `build` [ RunTime:0.010089s ]
[ sql ] [ SQL ] SELECT * FROM `build` ORDER BY `create_time` DESC [ RunTime:0.000357s ]
[ sql ] [ SQL ] SHOW COLUMNS FROM `admin` [ RunTime:0.008564s ]
[ sql ] [ SQL ] SELECT * FROM `admin` WHERE  `id` = 1 LIMIT 1 [ RunTime:0.000362s ]
