---------------------------------------------------------------
[ 2019-05-11T19:06:58+08:00 ] 127.0.0.1 GET /index2
[ info ] book/index2 [运行时间：0.405024s][吞吐率：2.47req/s] [内存消耗：1,151.22kb] [文件加载：37]
[ info ] [ LANG ] D:\phpStudy\PHPTutorial\WWW\book\thinkphp\lang\zh-cn.php
[ info ] [ ROUTE ] array (
  'type' => 'module',
  'module' => 
  array (
    0 => 'index2',
    1 => NULL,
    2 => NULL,
  ),
)
[ info ] [ HEADER ] array (
  'accept-language' => 'zh-CN,zh;q=0.9',
  'accept-encoding' => 'gzip, deflate',
  'accept' => 'text/html,application/xhtml+xml,application/xml;q=0.9,image/webp,image/apng,*/*;q=0.8',
  'user-agent' => 'Mozilla/5.0 (Windows NT 6.1; Win64; x64) AppleWebKit/537.36 (KHTML, like Gecko) Chrome/72.0.3626.119 Safari/537.36',
  'upgrade-insecure-requests' => '1',
  'connection' => 'close',
  'host' => 'book',
)
[ info ] [ PARAM ] array (
  '/index2' => '',
)
[ info ] [ LOG ] INIT File
